<?xml version="1.0" encoding="UTF-8"?>
<testsuite xmlns:xsi="http://www.w3.org/2001/XMLSchema-instance" xsi:noNamespaceSchemaLocation="https://maven.apache.org/surefire/maven-surefire-plugin/xsd/surefire-test-report-3.0.xsd" version="3.0" name="com.restapp.shop.ShopApplicationTests" time="6.419" tests="1" errors="0" skipped="0" failures="0">
  <properties>
[...]
</properties>
  <testcase name="contextLoads" classname="com.restapp.shop.ShopApplicationTests" time="0.57">
    <system-out><![CDATA[17:14:58.714 [main] INFO org.springframework.test.context.support.AnnotationConfigContextLoaderUtils -- Could not detect default configuration classes for test class [com.restapp.shop.ShopApplicationTests]: ShopApplicationTests does not declare any static, non-private, non-final, nested classes annotated with @Configuration.
17:14:58.816 [main] INFO org.springframework.boot.test.context.SpringBootTestContextBootstrapper -- Found @SpringBootConfiguration com.restapp.shop.ShopApplication for test class com.restapp.shop.ShopApplicationTests

  .   ____          _            __ _ _
 /\\ / ___'_ __ _ _(_)_ __  __ _ \ \ \ \
( ( )\___ | '_ | '_| | '_ \/ _` | \ \ \ \
 \\/  ___)| |_)| | | | | || (_| |  ) ) ) )
  '  |____| .__|_| |_|_| |_\__, | / / / /
 =========|_|==============|___/=/_/_/_/
 :: Spring Boot ::               (v3.1.11)

2024-05-23T17:14:59.203-04:00  INFO 87730 --- [           main] com.restapp.shop.ShopApplicationTests    : Starting ShopApplicationTests using Java 17.0.10 with PID 87730 (started by seeminvasaikar in /Users/seeminvasaikar/Desktop/PracticeCode/dockerize/SpringBoot-JPA-REST/shop)
2024-05-23T17:14:59.204-04:00  INFO 87730 --- [           main] com.restapp.shop.ShopApplicationTests    : No active profile set, falling back to 1 default profile: "default"
2024-05-23T17:14:59.238-04:00 DEBUG 87730 --- [           main] o.s.w.c.s.GenericWebApplicationContext   : Refreshing org.springframework.web.context.support.GenericWebApplicationContext@74bdc168
2024-05-23T17:14:59.824-04:00  INFO 87730 --- [           main] .s.d.r.c.RepositoryConfigurationDelegate : Bootstrapping Spring Data JPA repositories in DEFAULT mode.
2024-05-23T17:14:59.898-04:00  INFO 87730 --- [           main] .s.d.r.c.RepositoryConfigurationDelegate : Finished Spring Data repository scanning in 65 ms. Found 3 JPA repository interfaces.
2024-05-23T17:15:00.772-04:00  INFO 87730 --- [           main] o.s.o.j.p.SpringPersistenceUnitInfo      : No LoadTimeWeaver setup: ignoring JPA class transformer
2024-05-23T17:15:00.795-04:00  INFO 87730 --- [           main] com.zaxxer.hikari.HikariDataSource       : HikariPool-1 - Starting...
2024-05-23T17:15:01.253-04:00  INFO 87730 --- [           main] com.zaxxer.hikari.pool.HikariPool        : HikariPool-1 - Added connection com.mysql.cj.jdbc.ConnectionImpl@239b98cb
2024-05-23T17:15:01.256-04:00  INFO 87730 --- [           main] com.zaxxer.hikari.HikariDataSource       : HikariPool-1 - Start completed.
2024-05-23T17:15:03.350-04:00  INFO 87730 --- [           main] j.LocalContainerEntityManagerFactoryBean : Initialized JPA EntityManagerFactory for persistence unit 'default'
2024-05-23T17:15:03.921-04:00  WARN 87730 --- [           main] JpaBaseConfiguration$JpaWebConfiguration : spring.jpa.open-in-view is enabled by default. Therefore, database queries may be performed during view rendering. Explicitly configure spring.jpa.open-in-view to disable this warning
2024-05-23T17:15:04.115-04:00 DEBUG 87730 --- [           main] s.w.s.m.m.a.RequestMappingHandlerAdapter : ControllerAdvice beans: 0 @ModelAttribute, 0 @InitBinder, 1 RequestBodyAdvice, 1 ResponseBodyAdvice
2024-05-23T17:15:04.244-04:00 DEBUG 87730 --- [           main] s.w.s.m.m.a.RequestMappingHandlerMapping : 9 mappings in 'requestMappingHandlerMapping'
2024-05-23T17:15:04.272-04:00 DEBUG 87730 --- [           main] o.s.w.s.handler.SimpleUrlHandlerMapping  : Patterns [/webjars/**, /**] in 'resourceHandlerMapping'
2024-05-23T17:15:04.281-04:00 DEBUG 87730 --- [           main] .m.m.a.ExceptionHandlerExceptionResolver : ControllerAdvice beans: 0 @ExceptionHandler, 1 ResponseBodyAdvice
2024-05-23T17:15:04.370-04:00  INFO 87730 --- [           main] com.restapp.shop.ShopApplicationTests    : Started ShopApplicationTests in 5.407 seconds (process running for 6.334)
]]></system-out>
  </testcase>
</testsuite>